<?xml version="1.0" encoding="utf-8"?><testsuites><testsuite name="pytest" errors="0" failures="0" skipped="0" tests="8" time="1.024" timestamp="2026-06-19T11:22:39.490902+02:00" hostname="dell"><testcase classname="tests.test_services" name="test_guardar_registro_no_error" time="0.001" /><testcase classname="tests.test_services" name="test_generar_reading_register_service_module_missing" time="0.000" /><testcase classname="tests.test_services" name="test_generar_reading_register_service_exception" time="0.001" /><testcase classname="tests.test_services" name="test_ejecutar_consulta_datadis_service_module_missing" time="0.000" /><testcase classname="tests.test_services" name="test_ejecutar_consulta_datadis_service_success" time="0.001" /><testcase classname="tests.test_services" name="test_reducir_perfiles_diarios_pca_service_missing" time="0.000" /><testcase classname="tests.test_services" name="test_reconstruir_perfiles_pca_service_missing" time="0.000" /><testcase classname="tests.test_services" name="test_cluster_pca_profiles_kmeans" time="0.740" /></testsuite></testsuites>