<?xml version="1.0" encoding="utf-8"?><testsuites><testsuite name="pytest" errors="0" failures="0" skipped="0" tests="4" time="0.754" timestamp="2026-06-19T12:25:47.871590+02:00" hostname="dell"><testcase classname="tests.test_routes" name="test_read_root" time="0.018" /><testcase classname="tests.test_routes" name="test_registrar_consumidor" time="0.007" /><testcase classname="tests.test_routes" name="test_generar_reading_register_route_when_module_missing" time="0.006" /><testcase classname="tests.test_routes" name="test_cluster_pca_profiles_kmeans_route" time="0.009" /></testsuite></testsuites>